  dllentry.cpp
D:\MyProgramming\C++\csgocheat\dllentry.cpp(13,2): error C2371: "A": Neudefinition; unterschiedliche Basistypen
D:\MyProgramming\C++\csgocheat\dllentry.cpp(11): message : Siehe Deklaration von "A"

Leistungszusammenfassung für das Projekt:
      828 ms D:\MyProgramming\C++\csgocheat\csgocheat\csgocheat.vcxproj   1 Aufrufe
                828 ms Build                                      1 Aufrufe

Leistungszusammenfassung für das Ziel:
        0 ms BeforeBuildGenerateSources                 1 Aufrufe
        0 ms ResolveReferences                          1 Aufrufe
        0 ms WarnCompileDuplicatedFilename              1 Aufrufe
        0 ms BuildGenerateSourcesTraverse               1 Aufrufe
        0 ms SelectClCompile                            1 Aufrufe
        0 ms PreBuildEvent                              1 Aufrufe
        0 ms _SelectedFiles                             1 Aufrufe
        0 ms SelectCustomBuild                          1 Aufrufe
        0 ms ComputeCLInputPDBName                      1 Aufrufe
        0 ms AfterResolveReferences                     1 Aufrufe
        0 ms CustomBuild                                1 Aufrufe
        0 ms _Xsd                                       1 Aufrufe
        0 ms MakeDirsForMidl                            1 Aufrufe
        0 ms ComputeMIDLGeneratedCompileInputs          1 Aufrufe
        0 ms AfterMidl                                  1 Aufrufe
        0 ms _Midl                                      1 Aufrufe
        0 ms AfterBuildGenerateSources                  1 Aufrufe
        0 ms AfterBuildGenerateSourcesEvent             1 Aufrufe
        0 ms _BuildGenerateSourcesAction                1 Aufrufe
        0 ms CopyFileToFolders                          1 Aufrufe
        0 ms BuildGenerateSources                       1 Aufrufe
        0 ms ResolveAssemblyReferences                  1 Aufrufe
        0 ms ResolveSDKReferences                       1 Aufrufe
        0 ms SetTelemetryEnvironmentVariables           1 Aufrufe
        0 ms _PrepareForBuild                           1 Aufrufe
        0 ms _PrepareForReferenceResolution             1 Aufrufe
        0 ms BeforeResolveReferences                    1 Aufrufe
        0 ms _SplitProjectReferencesByFileExistence     1 Aufrufe
        0 ms _AddOutputPathToGlobalPropertiesToRemove   1 Aufrufe
        0 ms _GetProjectReferenceTargetFrameworkProperties   1 Aufrufe
        0 ms ExpandSDKReferences                        1 Aufrufe
        0 ms PrepareProjectReferences                   1 Aufrufe
        0 ms GetFrameworkPaths                          1 Aufrufe
        0 ms ComputeReferenceCLInput                    1 Aufrufe
        0 ms AddExternalIncludDirectoriesToPaths        1 Aufrufe
        0 ms SetBuildDefaultEnvironmentVariables        1 Aufrufe
        0 ms GetResolvedWinMD                           1 Aufrufe
        0 ms _CheckWindowsSDKInstalled                  1 Aufrufe
        0 ms GetReferencedVCProjectsInfo                1 Aufrufe
        0 ms FindReferenceAssembliesForReferences       1 Aufrufe
        0 ms ResolveProjectReferences                   1 Aufrufe
        0 ms BeforeClCompile                            1 Aufrufe
        1 ms AssignProjectConfiguration                 1 Aufrufe
        1 ms FixupCLCompileOptions                      1 Aufrufe
        1 ms InitializeBuildStatus                      1 Aufrufe
        1 ms SetCABuildNativeEnvironmentVariables       1 Aufrufe
        1 ms PrepareForBuild                            1 Aufrufe
        1 ms BuildCompileTraverse                       1 Aufrufe
        1 ms ComputeCustomBuildOutput                   1 Aufrufe
        1 ms GetReferenceAssemblyPaths                  1 Aufrufe
        1 ms _CheckForInvalidConfigurationAndPlatform   1 Aufrufe
        4 ms MakeDirsForCl                              1 Aufrufe
      815 ms ClCompile                                  1 Aufrufe

Leistungszusammenfassung für die Aufgabe:
        0 ms MSBuild                                    1 Aufrufe
        0 ms CheckVCToolsetVersion                      1 Aufrufe
        0 ms ReadLinesFromFile                          1 Aufrufe
        0 ms WriteLinesToFile                           1 Aufrufe
        0 ms Touch                                      1 Aufrufe
        0 ms GetOutOfDateItems                          3 Aufrufe
        1 ms AssignProjectConfiguration                 1 Aufrufe
        1 ms SetEnv                                     9 Aufrufe
        1 ms Message                                    2 Aufrufe
        2 ms MakeDir                                    5 Aufrufe
      814 ms CL                                         1 Aufrufe
